<?xml version="1.0" encoding="UTF-8"?>
<testsuite name="com.example.stock.service.StockServiceTest" tests="1" skipped="0" failures="0" errors="0" timestamp="2023-08-16T12:32:23" hostname="HAYOUNGui-MacBookPro.local" time="0.325">
  <properties/>
  <testcase name="재고감소()" classname="com.example.stock.service.StockServiceTest" time="0.325"/>
  <system-out><![CDATA[21:32:19.713 [Test worker] DEBUG org.springframework.test.context.BootstrapUtils - Instantiating CacheAwareContextLoaderDelegate from class [org.springframework.test.context.cache.DefaultCacheAwareContextLoaderDelegate]
21:32:19.722 [Test worker] DEBUG org.springframework.test.context.BootstrapUtils - Instantiating BootstrapContext using constructor [public org.springframework.test.context.support.DefaultBootstrapContext(java.lang.Class,org.springframework.test.context.CacheAwareContextLoaderDelegate)]
21:32:19.745 [Test worker] DEBUG org.springframework.test.context.BootstrapUtils - Instantiating TestContextBootstrapper for test class [com.example.stock.service.StockServiceTest] from class [org.springframework.boot.test.context.SpringBootTestContextBootstrapper]
21:32:19.756 [Test worker] INFO org.springframework.boot.test.context.SpringBootTestContextBootstrapper - Neither @ContextConfiguration nor @ContextHierarchy found for test class [com.example.stock.service.StockServiceTest], using SpringBootContextLoader
21:32:19.759 [Test worker] DEBUG org.springframework.test.context.support.AbstractContextLoader - Did not detect default resource location for test class [com.example.stock.service.StockServiceTest]: class path resource [com/example/stock/service/StockServiceTest-context.xml] does not exist
21:32:19.759 [Test worker] DEBUG org.springframework.test.context.support.AbstractContextLoader - Did not detect default resource location for test class [com.example.stock.service.StockServiceTest]: class path resource [com/example/stock/service/StockServiceTestContext.groovy] does not exist
21:32:19.760 [Test worker] INFO org.springframework.test.context.support.AbstractContextLoader - Could not detect default resource locations for test class [com.example.stock.service.StockServiceTest]: no resource found for suffixes {-context.xml, Context.groovy}.
21:32:19.761 [Test worker] INFO org.springframework.test.context.support.AnnotationConfigContextLoaderUtils - Could not detect default configuration classes for test class [com.example.stock.service.StockServiceTest]: StockServiceTest does not declare any static, non-private, non-final, nested classes annotated with @Configuration.
21:32:19.797 [Test worker] DEBUG org.springframework.test.context.support.ActiveProfilesUtils - Could not find an 'annotation declaring class' for annotation type [org.springframework.test.context.ActiveProfiles] and class [com.example.stock.service.StockServiceTest]
21:32:19.847 [Test worker] DEBUG org.springframework.context.annotation.ClassPathScanningCandidateComponentProvider - Identified candidate component class: file [/Users/hayoung/Documents/stock/build/classes/java/main/com/example/stock/StockApplication.class]
21:32:19.848 [Test worker] INFO org.springframework.boot.test.context.SpringBootTestContextBootstrapper - Found @SpringBootConfiguration com.example.stock.StockApplication for test class com.example.stock.service.StockServiceTest
21:32:19.925 [Test worker] DEBUG org.springframework.boot.test.context.SpringBootTestContextBootstrapper - @TestExecutionListeners is not present for class [com.example.stock.service.StockServiceTest]: using defaults.
21:32:19.925 [Test worker] INFO org.springframework.boot.test.context.SpringBootTestContextBootstrapper - Loaded default TestExecutionListener class names from location [META-INF/spring.factories]: [org.springframework.boot.test.autoconfigure.restdocs.RestDocsTestExecutionListener, org.springframework.boot.test.autoconfigure.web.client.MockRestServiceServerResetTestExecutionListener, org.springframework.boot.test.autoconfigure.web.servlet.MockMvcPrintOnlyOnFailureTestExecutionListener, org.springframework.boot.test.autoconfigure.web.servlet.WebDriverTestExecutionListener, org.springframework.boot.test.autoconfigure.webservices.client.MockWebServiceServerTestExecutionListener, org.springframework.boot.test.mock.mockito.MockitoTestExecutionListener, org.springframework.boot.test.mock.mockito.ResetMocksTestExecutionListener, org.springframework.test.context.web.ServletTestExecutionListener, org.springframework.test.context.support.DirtiesContextBeforeModesTestExecutionListener, org.springframework.test.context.event.ApplicationEventsTestExecutionListener, org.springframework.test.context.support.DependencyInjectionTestExecutionListener, org.springframework.test.context.support.DirtiesContextTestExecutionListener, org.springframework.test.context.transaction.TransactionalTestExecutionListener, org.springframework.test.context.jdbc.SqlScriptsTestExecutionListener, org.springframework.test.context.event.EventPublishingTestExecutionListener]
21:32:19.953 [Test worker] INFO org.springframework.boot.test.context.SpringBootTestContextBootstrapper - Using TestExecutionListeners: [org.springframework.test.context.web.ServletTestExecutionListener@1fc793c2, org.springframework.test.context.support.DirtiesContextBeforeModesTestExecutionListener@2575f671, org.springframework.test.context.event.ApplicationEventsTestExecutionListener@329a1243, org.springframework.boot.test.mock.mockito.MockitoTestExecutionListener@ecf9fb3, org.springframework.boot.test.autoconfigure.SpringBootDependencyInjectionTestExecutionListener@2d35442b, org.springframework.test.context.support.DirtiesContextTestExecutionListener@27f9e982, org.springframework.test.context.transaction.TransactionalTestExecutionListener@4593ff34, org.springframework.test.context.jdbc.SqlScriptsTestExecutionListener@37d3d232, org.springframework.test.context.event.EventPublishingTestExecutionListener@30c0ccff, org.springframework.boot.test.autoconfigure.restdocs.RestDocsTestExecutionListener@581d969c, org.springframework.boot.test.autoconfigure.web.client.MockRestServiceServerResetTestExecutionListener@22db8f4, org.springframework.boot.test.autoconfigure.web.servlet.MockMvcPrintOnlyOnFailureTestExecutionListener@2b46a8c1, org.springframework.boot.test.autoconfigure.web.servlet.WebDriverTestExecutionListener@1d572e62, org.springframework.boot.test.autoconfigure.webservices.client.MockWebServiceServerTestExecutionListener@29caf222, org.springframework.boot.test.mock.mockito.ResetMocksTestExecutionListener@46cf05f7]
21:32:19.955 [Test worker] DEBUG org.springframework.test.context.support.AbstractDirtiesContextTestExecutionListener - Before test class: context [DefaultTestContext@3c291aad testClass = StockServiceTest, testInstance = [null], testMethod = [null], testException = [null], mergedContextConfiguration = [WebMergedContextConfiguration@2d0566ba testClass = StockServiceTest, locations = '{}', classes = '{class com.example.stock.StockApplication}', contextInitializerClasses = '[]', activeProfiles = '{}', propertySourceLocations = '{}', propertySourceProperties = '{org.springframework.boot.test.context.SpringBootTestContextBootstrapper=true}', contextCustomizers = set[org.springframework.boot.test.autoconfigure.actuate.metrics.MetricsExportContextCustomizerFactory$DisableMetricExportContextCustomizer@4044fb95, org.springframework.boot.test.autoconfigure.properties.PropertyMappingContextCustomizer@0, org.springframework.boot.test.autoconfigure.web.servlet.WebDriverContextCustomizerFactory$Customizer@16746061, org.springframework.boot.test.context.filter.ExcludeFilterContextCustomizer@5c8eee0f, org.springframework.boot.test.json.DuplicateJsonObjectContextCustomizerFactory$DuplicateJsonObjectContextCustomizer@56a4479a, org.springframework.boot.test.mock.mockito.MockitoContextCustomizer@0, org.springframework.boot.test.web.client.TestRestTemplateContextCustomizer@183e8023, org.springframework.boot.test.context.SpringBootTestArgs@1, org.springframework.boot.test.context.SpringBootTestWebEnvironment@79defdc], resourceBasePath = 'src/main/webapp', contextLoader = 'org.springframework.boot.test.context.SpringBootContextLoader', parent = [null]], attributes = map['org.springframework.test.context.web.ServletTestExecutionListener.activateListener' -> true]], class annotated with @DirtiesContext [false] with mode [null].

  .   ____          _            __ _ _
 /\\ / ___'_ __ _ _(_)_ __  __ _ \ \ \ \
( ( )\___ | '_ | '_| | '_ \/ _` | \ \ \ \
 \\/  ___)| |_)| | | | | || (_| |  ) ) ) )
  '  |____| .__|_| |_|_| |_\__, | / / / /
 =========|_|==============|___/=/_/_/_/
 :: Spring Boot ::               (v2.7.14)

2023-08-16 21:32:20.415  INFO 17837 --- [    Test worker] c.e.stock.service.StockServiceTest       : Starting StockServiceTest using Java 11.0.11 on HAYOUNGui-MacBookPro.local with PID 17837 (started by hayoung in /Users/hayoung/Documents/stock)
2023-08-16 21:32:20.416  INFO 17837 --- [    Test worker] c.e.stock.service.StockServiceTest       : No active profile set, falling back to 1 default profile: "default"
2023-08-16 21:32:20.919  INFO 17837 --- [    Test worker] .s.d.r.c.RepositoryConfigurationDelegate : Bootstrapping Spring Data JPA repositories in DEFAULT mode.
2023-08-16 21:32:20.964  INFO 17837 --- [    Test worker] .s.d.r.c.RepositoryConfigurationDelegate : Finished Spring Data repository scanning in 37 ms. Found 1 JPA repository interfaces.
2023-08-16 21:32:21.393  INFO 17837 --- [    Test worker] o.hibernate.jpa.internal.util.LogHelper  : HHH000204: Processing PersistenceUnitInfo [name: default]
2023-08-16 21:32:21.443  INFO 17837 --- [    Test worker] org.hibernate.Version                    : HHH000412: Hibernate ORM core version 5.6.15.Final
2023-08-16 21:32:21.590  INFO 17837 --- [    Test worker] o.hibernate.annotations.common.Version   : HCANN000001: Hibernate Commons Annotations {5.1.2.Final}
2023-08-16 21:32:21.692  INFO 17837 --- [    Test worker] com.zaxxer.hikari.HikariDataSource       : HikariPool-1 - Starting...
2023-08-16 21:32:22.043  INFO 17837 --- [    Test worker] com.zaxxer.hikari.HikariDataSource       : HikariPool-1 - Start completed.
2023-08-16 21:32:22.076  INFO 17837 --- [    Test worker] org.hibernate.dialect.Dialect            : HHH000400: Using dialect: org.hibernate.dialect.MySQL8Dialect
2023-08-16 21:32:22.594 DEBUG 17837 --- [    Test worker] org.hibernate.SQL                        : drop table if exists stock
Hibernate: drop table if exists stock
2023-08-16 21:32:22.619 DEBUG 17837 --- [    Test worker] org.hibernate.SQL                        : create table stock (id bigint not null auto_increment, produce_id bigint, quantity bigint, primary key (id)) engine=InnoDB
Hibernate: create table stock (id bigint not null auto_increment, produce_id bigint, quantity bigint, primary key (id)) engine=InnoDB
2023-08-16 21:32:22.639  INFO 17837 --- [    Test worker] o.h.e.t.j.p.i.JtaPlatformInitiator       : HHH000490: Using JtaPlatform implementation: [org.hibernate.engine.transaction.jta.platform.internal.NoJtaPlatform]
2023-08-16 21:32:22.648  INFO 17837 --- [    Test worker] j.LocalContainerEntityManagerFactoryBean : Initialized JPA EntityManagerFactory for persistence unit 'default'
2023-08-16 21:32:23.055  WARN 17837 --- [    Test worker] JpaBaseConfiguration$JpaWebConfiguration : spring.jpa.open-in-view is enabled by default. Therefore, database queries may be performed during view rendering. Explicitly configure spring.jpa.open-in-view to disable this warning
2023-08-16 21:32:23.510  INFO 17837 --- [    Test worker] c.e.stock.service.StockServiceTest       : Started StockServiceTest in 3.521 seconds (JVM running for 4.491)
2023-08-16 21:32:23.635 DEBUG 17837 --- [    Test worker] org.hibernate.SQL                        : insert into stock (produce_id, quantity) values (?, ?)
Hibernate: insert into stock (produce_id, quantity) values (?, ?)
2023-08-16 21:32:23.644 TRACE 17837 --- [    Test worker] o.h.type.descriptor.sql.BasicBinder      : binding parameter [1] as [BIGINT] - [1]
2023-08-16 21:32:23.644 TRACE 17837 --- [    Test worker] o.h.type.descriptor.sql.BasicBinder      : binding parameter [2] as [BIGINT] - [100]
2023-08-16 21:32:23.691 DEBUG 17837 --- [    Test worker] org.hibernate.SQL                        : select stock0_.id as id1_0_0_, stock0_.produce_id as produce_2_0_0_, stock0_.quantity as quantity3_0_0_ from stock stock0_ where stock0_.id=?
Hibernate: select stock0_.id as id1_0_0_, stock0_.produce_id as produce_2_0_0_, stock0_.quantity as quantity3_0_0_ from stock stock0_ where stock0_.id=?
2023-08-16 21:32:23.692 TRACE 17837 --- [    Test worker] o.h.type.descriptor.sql.BasicBinder      : binding parameter [1] as [BIGINT] - [1]
2023-08-16 21:32:23.707 DEBUG 17837 --- [    Test worker] org.hibernate.SQL                        : update stock set produce_id=?, quantity=? where id=?
Hibernate: update stock set produce_id=?, quantity=? where id=?
2023-08-16 21:32:23.708 TRACE 17837 --- [    Test worker] o.h.type.descriptor.sql.BasicBinder      : binding parameter [1] as [BIGINT] - [1]
2023-08-16 21:32:23.708 TRACE 17837 --- [    Test worker] o.h.type.descriptor.sql.BasicBinder      : binding parameter [2] as [BIGINT] - [99]
2023-08-16 21:32:23.708 TRACE 17837 --- [    Test worker] o.h.type.descriptor.sql.BasicBinder      : binding parameter [3] as [BIGINT] - [1]
2023-08-16 21:32:23.718 DEBUG 17837 --- [    Test worker] org.hibernate.SQL                        : select stock0_.id as id1_0_0_, stock0_.produce_id as produce_2_0_0_, stock0_.quantity as quantity3_0_0_ from stock stock0_ where stock0_.id=?
Hibernate: select stock0_.id as id1_0_0_, stock0_.produce_id as produce_2_0_0_, stock0_.quantity as quantity3_0_0_ from stock stock0_ where stock0_.id=?
2023-08-16 21:32:23.719 TRACE 17837 --- [    Test worker] o.h.type.descriptor.sql.BasicBinder      : binding parameter [1] as [BIGINT] - [1]
2023-08-16 21:32:23.833 DEBUG 17837 --- [    Test worker] org.hibernate.SQL                        : select stock0_.id as id1_0_, stock0_.produce_id as produce_2_0_, stock0_.quantity as quantity3_0_ from stock stock0_
Hibernate: select stock0_.id as id1_0_, stock0_.produce_id as produce_2_0_, stock0_.quantity as quantity3_0_ from stock stock0_
2023-08-16 21:32:23.840 DEBUG 17837 --- [    Test worker] org.hibernate.SQL                        : delete from stock where id=?
Hibernate: delete from stock where id=?
2023-08-16 21:32:23.840 TRACE 17837 --- [    Test worker] o.h.type.descriptor.sql.BasicBinder      : binding parameter [1] as [BIGINT] - [1]
]]></system-out>
  <system-err><![CDATA[]]></system-err>
</testsuite>
